[2023-11-10T02:55:41.450+0000] {taskinstance.py:1159} INFO - Dependencies all met for dep_context=non-requeueable deps ti=<TaskInstance: booking_ingestion_v3.create_postgres_table manual__2023-11-10T02:28:46.037801+00:00 [queued]>
[2023-11-10T02:55:41.467+0000] {taskinstance.py:1159} INFO - Dependencies all met for dep_context=requeueable deps ti=<TaskInstance: booking_ingestion_v3.create_postgres_table manual__2023-11-10T02:28:46.037801+00:00 [queued]>
[2023-11-10T02:55:41.468+0000] {taskinstance.py:1361} INFO - Starting attempt 3 of 4
[2023-11-10T02:55:41.492+0000] {taskinstance.py:1382} INFO - Executing <Task(PostgresOperator): create_postgres_table> on 2023-11-10 02:28:46.037801+00:00
[2023-11-10T02:55:41.501+0000] {standard_task_runner.py:57} INFO - Started process 238 to run task
[2023-11-10T02:55:41.506+0000] {standard_task_runner.py:84} INFO - Running: ['***', 'tasks', 'run', 'booking_ingestion_v3', 'create_postgres_table', 'manual__2023-11-10T02:28:46.037801+00:00', '--job-id', '10', '--raw', '--subdir', 'DAGS_FOLDER/main.py', '--cfg-path', '/tmp/tmpnj517o07']
[2023-11-10T02:55:41.509+0000] {standard_task_runner.py:85} INFO - Job 10: Subtask create_postgres_table
[2023-11-10T02:55:41.597+0000] {task_command.py:416} INFO - Running <TaskInstance: booking_ingestion_v3.create_postgres_table manual__2023-11-10T02:28:46.037801+00:00 [running]> on host a3e6249bf7b5
[2023-11-10T02:55:41.754+0000] {taskinstance.py:1662} INFO - Exporting env vars: AIRFLOW_CTX_DAG_OWNER='mike' AIRFLOW_CTX_DAG_ID='booking_ingestion_v3' AIRFLOW_CTX_TASK_ID='create_postgres_table' AIRFLOW_CTX_EXECUTION_DATE='2023-11-10T02:28:46.037801+00:00' AIRFLOW_CTX_TRY_NUMBER='3' AIRFLOW_CTX_DAG_RUN_ID='manual__2023-11-10T02:28:46.037801+00:00'
[2023-11-10T02:55:41.759+0000] {sql.py:274} INFO - Executing: 
        CREATE TABLE IF NOT EXISTS booking_record (
            client_id INT NOT NULL,
            booking_date TEXT NOT NULL,
            room_type VARCHAR(100) NOT NULL,
            hotel_id INT NOT NULL,
            booking_cost NUMERIC,
            currency TEXT,
            age INT,
            client_name VARCHAR(100),
            client_type VARCHAR(100),
            hotel_name VARCHAR(100)
        );
        
[2023-11-10T02:55:41.776+0000] {base.py:73} INFO - Using connection ID 'postgres_localhost' for task execution.
[2023-11-10T02:55:41.808+0000] {base.py:73} INFO - Using connection ID 'postgres_localhost' for task execution.
[2023-11-10T02:55:41.939+0000] {sql.py:418} INFO - Running statement: 
        CREATE TABLE IF NOT EXISTS booking_record (
            client_id INT NOT NULL,
            booking_date TEXT NOT NULL,
            room_type VARCHAR(100) NOT NULL,
            hotel_id INT NOT NULL,
            booking_cost NUMERIC,
            currency TEXT,
            age INT,
            client_name VARCHAR(100),
            client_type VARCHAR(100),
            hotel_name VARCHAR(100)
        );
        , parameters: None
[2023-11-10T02:55:42.030+0000] {taskinstance.py:1400} INFO - Marking task as SUCCESS. dag_id=booking_ingestion_v3, task_id=create_postgres_table, execution_date=20231110T022846, start_date=20231110T025541, end_date=20231110T025542
[2023-11-10T02:55:42.084+0000] {local_task_job_runner.py:228} INFO - Task exited with return code 0
[2023-11-10T02:55:42.120+0000] {taskinstance.py:2778} INFO - 1 downstream tasks scheduled from follow-on schedule check
