[2023-11-10T03:29:46.990+0000] {taskinstance.py:1159} INFO - Dependencies all met for dep_context=non-requeueable deps ti=<TaskInstance: booking_ingestion_v3.copy_data_to_postgres manual__2023-11-10T02:28:46.037801+00:00 [queued]>
[2023-11-10T03:29:47.033+0000] {taskinstance.py:1159} INFO - Dependencies all met for dep_context=requeueable deps ti=<TaskInstance: booking_ingestion_v3.copy_data_to_postgres manual__2023-11-10T02:28:46.037801+00:00 [queued]>
[2023-11-10T03:29:47.104+0000] {taskinstance.py:1361} INFO - Starting attempt 11 of 12
[2023-11-10T03:29:47.243+0000] {taskinstance.py:1382} INFO - Executing <Task(PostgresOperator): copy_data_to_postgres> on 2023-11-10 02:28:46.037801+00:00
[2023-11-10T03:29:47.286+0000] {standard_task_runner.py:57} INFO - Started process 704 to run task
[2023-11-10T03:29:47.497+0000] {standard_task_runner.py:84} INFO - Running: ['***', 'tasks', 'run', 'booking_ingestion_v3', 'copy_data_to_postgres', 'manual__2023-11-10T02:28:46.037801+00:00', '--job-id', '22', '--raw', '--subdir', 'DAGS_FOLDER/main.py', '--cfg-path', '/tmp/tmpy65cjrrs']
[2023-11-10T03:29:47.502+0000] {standard_task_runner.py:85} INFO - Job 22: Subtask copy_data_to_postgres
[2023-11-10T03:29:48.320+0000] {task_command.py:416} INFO - Running <TaskInstance: booking_ingestion_v3.copy_data_to_postgres manual__2023-11-10T02:28:46.037801+00:00 [running]> on host a3e6249bf7b5
[2023-11-10T03:29:49.270+0000] {taskinstance.py:1662} INFO - Exporting env vars: AIRFLOW_CTX_DAG_OWNER='mike' AIRFLOW_CTX_DAG_ID='booking_ingestion_v3' AIRFLOW_CTX_TASK_ID='copy_data_to_postgres' AIRFLOW_CTX_EXECUTION_DATE='2023-11-10T02:28:46.037801+00:00' AIRFLOW_CTX_TRY_NUMBER='11' AIRFLOW_CTX_DAG_RUN_ID='manual__2023-11-10T02:28:46.037801+00:00'
[2023-11-10T03:29:49.281+0000] {sql.py:274} INFO - Executing: 
            COPY booking_record FROM '/Users/mike/***/***-docker-postgre3/processed_data/processed_data.csv' DELIMITER ',' CSV HEADER;
            
[2023-11-10T03:29:49.332+0000] {base.py:73} INFO - Using connection ID 'postgres_localhost' for task execution.
[2023-11-10T03:29:49.425+0000] {base.py:73} INFO - Using connection ID 'postgres_localhost' for task execution.
[2023-11-10T03:29:49.462+0000] {sql.py:418} INFO - Running statement: 
            COPY booking_record FROM '/Users/mike/***/***-docker-postgre3/processed_data/processed_data.csv' DELIMITER ',' CSV HEADER;
            , parameters: None
[2023-11-10T03:29:49.469+0000] {sql.py:427} INFO - Rows affected: 14
[2023-11-10T03:29:49.510+0000] {taskinstance.py:1400} INFO - Marking task as SUCCESS. dag_id=booking_ingestion_v3, task_id=copy_data_to_postgres, execution_date=20231110T022846, start_date=20231110T032946, end_date=20231110T032949
[2023-11-10T03:29:49.630+0000] {local_task_job_runner.py:228} INFO - Task exited with return code 0
[2023-11-10T03:29:49.686+0000] {taskinstance.py:2778} INFO - 0 downstream tasks scheduled from follow-on schedule check
